#
# A fatal error has been detected by the Java Runtime Environment:
#
#  EXCEPTION_ACCESS_VIOLATION (0xc0000005) at pc=0x0000000070187506, pid=13156, tid=0x0000000000003bf0
#
# JRE version: Java(TM) SE Runtime Environment (8.0_191-b12) (build 1.8.0_191-b12)
# Java VM: Java HotSpot(TM) 64-Bit Server VM (25.191-b12 mixed mode windows-amd64 compressed oops)
# Problematic frame:
# V  [jvm.dll+0x237506]
#
# Failed to write core dump. Minidumps are not enabled by default on client versions of Windows
#
# If you would like to submit a bug report, please visit:
#   http://bugreport.java.com/bugreport/crash.jsp
#

---------------  T H R E A D  ---------------

Current thread (0x00000000154e7000):  VMThread [stack: 0x0000000016580000,0x0000000016680000] [id=15344]

siginfo: ExceptionCode=0xc0000005, reading address 0x0000000000000008

Registers:
RAX=0x0000000000000000, RBX=0x000000001667e9e0, RCX=0x000000001667e9e0, RDX=0x0000000000000028
RSP=0x000000001667e710, RBP=0x000000001667ef20, RSI=0x0000000000000000, RDI=0x000000001667f0b0
R8 =0x0000000000000000, R9 =0x0000000000f07930, R10=0x0000000000000007, R11=0x0000000070558f18
R12=0x00000000185e2130, R13=0x000000001667eee0, R14=0x00000000000003d8, R15=0x000000001667eed0
RIP=0x0000000070187506, EFLAGS=0x0000000000010206

Top of Stack: (sp=0x000000001667e710)
0x000000001667e710:   000000002275d400 0000000019f30800
0x000000001667e720:   000000002275f170 000000002275f170
0x000000001667e730:   000000002275d4d0 0000000500000000
0x000000001667e740:   0000000000000000 f00ac04400000007
0x000000001667e750:   0000000018941bf0 0000000000000000
0x000000001667e760:   0000000000000000 0000000000000000
0x000000001667e770:   0000000000000000 0000000000000000
0x000000001667e780:   00000000155776d0 00000000705787e8
0x000000001667e790:   000000002275e428 0000000002f68442
0x000000001667e7a0:   0000000002f656d0 0000000000000000
0x000000001667e7b0:   000000002275e4a0 000000002275e448
0x000000001667e7c0:   0000000002f656d0 0000000000000000
0x000000001667e7d0:   000000002275f018 000000002275efd0
0x000000001667e7e0:   00000000003c101b c019c08d00000023
0x000000001667e7f0:   0000000000000000 00000000ffffffff
0x000000001667e800:   0000000000000000 00000000003b541b 

Instructions: (pc=0x0000000070187506)
0x00000000701874e6:   01 00 00 48 8b 05 c0 b4 5b 00 48 33 c4 48 89 84
0x00000000701874f6:   24 30 01 00 00 4c 63 41 10 48 8b 41 08 48 8b d9
0x0000000070187506:   42 38 54 00 08 74 33 44 0f be c2 48 8d 4c 24 20
0x0000000070187516:   48 8d 15 13 ef 3e 00 e8 ae e6 de ff 48 8d 0d 97 


Register to memory mapping:

RAX=0x0000000000000000 is an unknown value
RBX=0x000000001667e9e0 is an unknown value
RCX=0x000000001667e9e0 is an unknown value
RDX=0x0000000000000028 is an unknown value
RSP=0x000000001667e710 is an unknown value
RBP=0x000000001667ef20 is an unknown value
RSI=0x0000000000000000 is an unknown value
RDI=0x000000001667f0b0 is an unknown value
R8 =0x0000000000000000 is an unknown value
R9 =0x0000000000f07930 is pointing into metadata
R10=0x0000000000000007 is an unknown value
R11=0x0000000070558f18 is an unknown value
R12=0x00000000185e2130 is an unknown value
R13=0x000000001667eee0 is an unknown value
R14=0x00000000000003d8 is an unknown value
R15=0x000000001667eed0 is an unknown value


Stack: [0x0000000016580000,0x0000000016680000],  sp=0x000000001667e710,  free space=1017k
Native frames: (J=compiled Java code, j=interpreted, Vv=VM code, C=native code)
V  [jvm.dll+0x237506]
V  [jvm.dll+0x237b84]
V  [jvm.dll+0xff633]
V  [jvm.dll+0x102723]
V  [jvm.dll+0x1031ef]
V  [jvm.dll+0x103a35]
V  [jvm.dll+0x103c82]
V  [jvm.dll+0xc525e]
V  [jvm.dll+0xc58e8]
V  [jvm.dll+0xc5ec9]
V  [jvm.dll+0x10fbba]
V  [jvm.dll+0x12d43f]
V  [jvm.dll+0x1bf3cf]
V  [jvm.dll+0x24d0c7]
V  [jvm.dll+0x24c366]
V  [jvm.dll+0x24c801]
V  [jvm.dll+0x24ca1e]
V  [jvm.dll+0x29eb9a]
C  [msvcr100.dll+0x21d9f]
C  [msvcr100.dll+0x21e3b]
C  [KERNEL32.DLL+0x14034]
C  [ntdll.dll+0x73691]

VM_Operation (0x0000000016f7f1d0): GetOrSetLocal, mode: safepoint, requested by thread 0x000000001553a000


---------------  P R O C E S S  ---------------

Java Threads: ( => current thread )
  0x000000001b1f7000 JavaThread "Java2D Disposer" daemon [_thread_blocked, id=3156, stack(0x0000000024e00000,0x0000000024f00000)]
  0x000000001b1f9800 JavaThread "BoneCP-pool-watch-thread" daemon [_thread_blocked, id=7680, stack(0x0000000024d00000,0x0000000024e00000)]
  0x0000000019f2b000 JavaThread "BoneCP-keep-alive-scheduler" daemon [_thread_blocked, id=11456, stack(0x0000000024c00000,0x0000000024d00000)]
  0x0000000019f2c800 JavaThread "com.google.common.base.internal.Finalizer" daemon [_thread_blocked, id=7368, stack(0x0000000022b60000,0x0000000022c60000)]
  0x0000000019f32000 JavaThread "Abandoned connection cleanup thread" daemon [_thread_blocked, id=3016, stack(0x0000000022a60000,0x0000000022b60000)]
  0x0000000019f2f800 JavaThread "http-nio-8086-exec-10" daemon [_thread_blocked, id=7452, stack(0x0000000022960000,0x0000000022a60000)]
  0x0000000019f2f000 JavaThread "http-nio-8086-exec-9" daemon [_thread_blocked, id=13520, stack(0x0000000022860000,0x0000000022960000)]
  0x0000000019f31000 JavaThread "http-nio-8086-exec-8" daemon [_thread_blocked, id=6876, stack(0x0000000022760000,0x0000000022860000)]
  0x0000000019f30800 JavaThread "http-nio-8086-exec-7" daemon [_thread_blocked, id=6820, stack(0x0000000022660000,0x0000000022760000)]
  0x0000000019f2e000 JavaThread "http-nio-8086-exec-6" daemon [_thread_blocked, id=7376, stack(0x0000000022560000,0x0000000022660000)]
  0x0000000019f2c000 JavaThread "http-nio-8086-exec-5" daemon [_thread_blocked, id=7928, stack(0x0000000022460000,0x0000000022560000)]
  0x0000000019f2d800 JavaThread "http-nio-8086-exec-4" daemon [_thread_blocked, id=12392, stack(0x0000000022360000,0x0000000022460000)]
  0x000000001bb16800 JavaThread "http-nio-8086-exec-3" daemon [_thread_blocked, id=11188, stack(0x0000000022260000,0x0000000022360000)]
  0x000000001c7a1800 JavaThread "http-nio-8086-exec-2" daemon [_thread_blocked, id=14484, stack(0x0000000022160000,0x0000000022260000)]
  0x000000001e67e800 JavaThread "http-nio-8086-exec-1" daemon [_thread_blocked, id=7556, stack(0x0000000022060000,0x0000000022160000)]
  0x0000000002e65800 JavaThread "DestroyJavaVM" [_thread_blocked, id=15132, stack(0x0000000002d60000,0x0000000002e60000)]
  0x0000000019aea000 JavaThread "http-nio-8086-AsyncTimeout" daemon [_thread_blocked, id=11756, stack(0x0000000021730000,0x0000000021830000)]
  0x0000000019ae9000 JavaThread "http-nio-8086-Acceptor-0" daemon [_thread_in_native, id=8624, stack(0x0000000021630000,0x0000000021730000)]
  0x000000001b6dc000 JavaThread "http-nio-8086-ClientPoller-1" daemon [_thread_blocked, id=12912, stack(0x0000000020270000,0x0000000020370000)]
  0x000000001f7e0000 JavaThread "http-nio-8086-ClientPoller-0" daemon [_thread_in_native, id=6516, stack(0x000000001eee0000,0x000000001efe0000)]
  0x000000001fe1f000 JavaThread "NioBlockingSelector.BlockPoller-1" daemon [_thread_in_native, id=548, stack(0x000000001e9d0000,0x000000001ead0000)]
  0x000000001b4bd800 JavaThread "commons-pool-EvictionTimer" daemon [_thread_blocked, id=8876, stack(0x000000001e8d0000,0x000000001e9d0000)]
  0x0000000017adc000 JavaThread "container-0" [_thread_blocked, id=14496, stack(0x000000001c220000,0x000000001c320000)]
  0x00000000169a1800 JavaThread "ContainerBackgroundProcessor[StandardEngine[Tomcat]]" daemon [_thread_blocked, id=14452, stack(0x000000001c120000,0x000000001c220000)]
  0x000000001557e800 JavaThread "Service Thread" daemon [_thread_blocked, id=12680, stack(0x0000000017480000,0x0000000017580000)]
  0x0000000015575800 JavaThread "C1 CompilerThread2" daemon [_thread_blocked, id=14216, stack(0x0000000017380000,0x0000000017480000)]
  0x000000001556e000 JavaThread "C2 CompilerThread1" daemon [_thread_blocked, id=14472, stack(0x0000000017280000,0x0000000017380000)]
  0x000000001556a000 JavaThread "C2 CompilerThread0" daemon [_thread_blocked, id=1280, stack(0x0000000017180000,0x0000000017280000)]
  0x000000001555d000 JavaThread "JDWP Command Reader" daemon [_thread_in_native, id=11864, stack(0x0000000017080000,0x0000000017180000)]
  0x000000001555c000 JavaThread "JDWP Event Helper Thread" daemon [_thread_blocked, id=13948, stack(0x0000000016f80000,0x0000000017080000)]
  0x000000001553a000 JavaThread "JDWP Transport Listener: dt_socket" daemon [_thread_blocked, id=9540, stack(0x0000000016e80000,0x0000000016f80000)]
  0x0000000015532800 JavaThread "Attach Listener" daemon [_thread_blocked, id=4528, stack(0x0000000016d80000,0x0000000016e80000)]
  0x00000000168c3800 JavaThread "Signal Dispatcher" daemon [_thread_blocked, id=4620, stack(0x0000000016c80000,0x0000000016d80000)]
  0x0000000002f5a800 JavaThread "Finalizer" daemon [_thread_blocked, id=8964, stack(0x0000000016780000,0x0000000016880000)]
  0x000000001550a000 JavaThread "Reference Handler" daemon [_thread_blocked, id=10900, stack(0x0000000016680000,0x0000000016780000)]

Other Threads:
=>0x00000000154e7000 VMThread [stack: 0x0000000016580000,0x0000000016680000] [id=15344]
  0x000000001697f800 WatcherThread [stack: 0x0000000017580000,0x0000000017680000] [id=14544]

VM state:at safepoint (normal execution)

VM Mutex/Monitor currently owned by a thread:  ([mutex/lock_event])
[0x0000000002e625d0] Threads_lock - owner thread: 0x00000000154e7000

Heap:
 PSYoungGen      total 164352K, used 49839K [0x00000000eb500000, 0x00000000f6b00000, 0x0000000100000000)
  eden space 162816K, 29% used [0x00000000eb500000,0x00000000ee4a7ce0,0x00000000f5400000)
  from space 1536K, 67% used [0x00000000f5b00000,0x00000000f5c041a0,0x00000000f5c80000)
  to   space 11776K, 0% used [0x00000000f5f80000,0x00000000f5f80000,0x00000000f6b00000)
 ParOldGen       total 58880K, used 27976K [0x00000000c1e00000, 0x00000000c5780000, 0x00000000eb500000)
  object space 58880K, 47% used [0x00000000c1e00000,0x00000000c3952180,0x00000000c5780000)
 Metaspace       used 45534K, capacity 46120K, committed 46464K, reserved 1089536K
  class space    used 5289K, capacity 5419K, committed 5504K, reserved 1048576K

Card table byte_map: [0x0000000012320000,0x0000000012520000] byte_map_base: 0x0000000011d11000

Marking Bits: (ParMarkBitMap*) 0x0000000070773e30
 Begin Bits: [0x0000000012a70000, 0x00000000139f8000)
 End Bits:   [0x00000000139f8000, 0x0000000014980000)

Polling page: 0x0000000002860000

CodeCache: size=245760Kb used=23027Kb max_used=23111Kb free=222732Kb
 bounds [0x0000000002f60000, 0x0000000004620000, 0x0000000011f60000]
 total_blobs=6215 nmethods=5691 adapters=442
 compilation: enabled

Compilation events (10 events):
Event: 5502.447 Thread 0x000000001556a000 6884   !   4       java.net.AbstractPlainSocketImpl::acquireFD (29 bytes)
Event: 5502.449 Thread 0x000000001556a000 nmethod 6884 0x00000000042f2bd0 code [0x00000000042f2d00, 0x00000000042f2f58]
Event: 5518.319 Thread 0x0000000015575800 6885   !   3       com.fasterxml.jackson.databind.ser.std.MapSerializer::serializeFields (286 bytes)
Event: 5518.385 Thread 0x0000000015575800 nmethod 6885 0x00000000045260d0 code [0x00000000045264a0, 0x0000000004528b88]
Event: 5518.386 Thread 0x0000000015575800 6886       1       org.springframework.web.method.support.ModelAndViewContainer::getDefaultModel (5 bytes)
Event: 5518.386 Thread 0x0000000015575800 nmethod 6886 0x00000000034ce410 code [0x00000000034ce560, 0x00000000034ce670]
Event: 5552.288 Thread 0x0000000015575800 6889       3       com.jolbox.bonecp.ConnectionHandle::getConnectionLastUsedInMs (5 bytes)
Event: 5552.288 Thread 0x0000000015575800 nmethod 6889 0x00000000034ce0d0 code [0x00000000034ce220, 0x00000000034ce370]
Event: 5572.557 Thread 0x0000000015575800 6890       3       org.springframework.http.HttpHeaders::add (47 bytes)
Event: 5572.594 Thread 0x0000000015575800 nmethod 6890 0x000000000321ae90 code [0x000000000321b060, 0x000000000321b7c8]

GC Heap History (10 events):
Event: 28.015 GC heap before
{Heap before GC invocations=11 (full 1):
 PSYoungGen      total 111104K, used 66136K [0x00000000eb500000, 0x00000000f4780000, 0x0000000100000000)
  eden space 102400K, 56% used [0x00000000eb500000,0x00000000eed16e20,0x00000000f1900000)
  from space 8704K, 99% used [0x00000000f1900000,0x00000000f217f580,0x00000000f2180000)
  to   space 10240K, 0% used [0x00000000f3d80000,0x00000000f3d80000,0x00000000f4780000)
 ParOldGen       total 38912K, used 14209K [0x00000000c1e00000, 0x00000000c4400000, 0x00000000eb500000)
  object space 38912K, 36% used [0x00000000c1e00000,0x00000000c2be0490,0x00000000c4400000)
 Metaspace       used 34876K, capacity 35304K, committed 35496K, reserved 1081344K
  class space    used 4239K, capacity 4323K, committed 4352K, reserved 1048576K
Event: 28.048 GC heap after
Heap after GC invocations=11 (full 1):
 PSYoungGen      total 139776K, used 6753K [0x00000000eb500000, 0x00000000f4e00000, 0x0000000100000000)
  eden space 129536K, 0% used [0x00000000eb500000,0x00000000eb500000,0x00000000f3380000)
  from space 10240K, 65% used [0x00000000f3d80000,0x00000000f4418468,0x00000000f4780000)
  to   space 10240K, 0% used [0x00000000f3380000,0x00000000f3380000,0x00000000f3d80000)
 ParOldGen       total 38912K, used 19884K [0x00000000c1e00000, 0x00000000c4400000, 0x00000000eb500000)
  object space 38912K, 51% used [0x00000000c1e00000,0x00000000c316b3d0,0x00000000c4400000)
 Metaspace       used 34876K, capacity 35304K, committed 35496K, reserved 1081344K
  class space    used 4239K, capacity 4323K, committed 4352K, reserved 1048576K
}
Event: 28.048 GC heap before
{Heap before GC invocations=12 (full 2):
 PSYoungGen      total 139776K, used 6753K [0x00000000eb500000, 0x00000000f4e00000, 0x0000000100000000)
  eden space 129536K, 0% used [0x00000000eb500000,0x00000000eb500000,0x00000000f3380000)
  from space 10240K, 65% used [0x00000000f3d80000,0x00000000f4418468,0x00000000f4780000)
  to   space 10240K, 0% used [0x00000000f3380000,0x00000000f3380000,0x00000000f3d80000)
 ParOldGen       total 38912K, used 19884K [0x00000000c1e00000, 0x00000000c4400000, 0x00000000eb500000)
  object space 38912K, 51% used [0x00000000c1e00000,0x00000000c316b3d0,0x00000000c4400000)
 Metaspace       used 34876K, capacity 35304K, committed 35496K, reserved 1081344K
  class space    used 4239K, capacity 4323K, committed 4352K, reserved 1048576K
Event: 28.157 GC heap after
Heap after GC invocations=12 (full 2):
 PSYoungGen      total 139776K, used 0K [0x00000000eb500000, 0x00000000f4e00000, 0x0000000100000000)
  eden space 129536K, 0% used [0x00000000eb500000,0x00000000eb500000,0x00000000f3380000)
  from space 10240K, 0% used [0x00000000f3d80000,0x00000000f3d80000,0x00000000f4780000)
  to   space 10240K, 0% used [0x00000000f3380000,0x00000000f3380000,0x00000000f3d80000)
 ParOldGen       total 58880K, used 21859K [0x00000000c1e00000, 0x00000000c5780000, 0x00000000eb500000)
  object space 58880K, 37% used [0x00000000c1e00000,0x00000000c3358fd0,0x00000000c5780000)
 Metaspace       used 34876K, capacity 35304K, committed 35496K, reserved 1081344K
  class space    used 4239K, capacity 4323K, committed 4352K, reserved 1048576K
}
Event: 50.403 GC heap before
{Heap before GC invocations=13 (full 2):
 PSYoungGen      total 139776K, used 129536K [0x00000000eb500000, 0x00000000f4e00000, 0x0000000100000000)
  eden space 129536K, 100% used [0x00000000eb500000,0x00000000f3380000,0x00000000f3380000)
  from space 10240K, 0% used [0x00000000f3d80000,0x00000000f3d80000,0x00000000f4780000)
  to   space 10240K, 0% used [0x00000000f3380000,0x00000000f3380000,0x00000000f3d80000)
 ParOldGen       total 58880K, used 21859K [0x00000000c1e00000, 0x00000000c5780000, 0x00000000eb500000)
  object space 58880K, 37% used [0x00000000c1e00000,0x00000000c3358fd0,0x00000000c5780000)
 Metaspace       used 41230K, capacity 41750K, committed 41984K, reserved 1085440K
  class space    used 4968K, capacity 5084K, committed 5120K, reserved 1048576K
Event: 50.423 GC heap after
Heap after GC invocations=13 (full 2):
 PSYoungGen      total 139776K, used 9186K [0x00000000eb500000, 0x00000000f7500000, 0x0000000100000000)
  eden space 129536K, 0% used [0x00000000eb500000,0x00000000eb500000,0x00000000f3380000)
  from space 10240K, 89% used [0x00000000f3380000,0x00000000f3c78888,0x00000000f3d80000)
  to   space 10752K, 0% used [0x00000000f6a80000,0x00000000f6a80000,0x00000000f7500000)
 ParOldGen       total 58880K, used 21867K [0x00000000c1e00000, 0x00000000c5780000, 0x00000000eb500000)
  object space 58880K, 37% used [0x00000000c1e00000,0x00000000c335afd0,0x00000000c5780000)
 Metaspace       used 41230K, capacity 41750K, committed 41984K, reserved 1085440K
  class space    used 4968K, capacity 5084K, committed 5120K, reserved 1048576K
}
Event: 1920.918 GC heap before
{Heap before GC invocations=14 (full 2):
 PSYoungGen      total 139776K, used 138722K [0x00000000eb500000, 0x00000000f7500000, 0x0000000100000000)
  eden space 129536K, 100% used [0x00000000eb500000,0x00000000f3380000,0x00000000f3380000)
  from space 10240K, 89% used [0x00000000f3380000,0x00000000f3c78888,0x00000000f3d80000)
  to   space 10752K, 0% used [0x00000000f6a80000,0x00000000f6a80000,0x00000000f7500000)
 ParOldGen       total 58880K, used 21867K [0x00000000c1e00000, 0x00000000c5780000, 0x00000000eb500000)
  object space 58880K, 37% used [0x00000000c1e00000,0x00000000c335afd0,0x00000000c5780000)
 Metaspace       used 44332K, capacity 44904K, committed 45056K, reserved 1089536K
  class space    used 5221K, capacity 5355K, committed 5376K, reserved 1048576K
Event: 1921.720 GC heap after
Heap after GC invocations=14 (full 2):
 PSYoungGen      total 176640K, used 1674K [0x00000000eb500000, 0x00000000f7100000, 0x0000000100000000)
  eden space 169984K, 0% used [0x00000000eb500000,0x00000000eb500000,0x00000000f5b00000)
  from space 6656K, 25% used [0x00000000f6a80000,0x00000000f6c22880,0x00000000f7100000)
  to   space 11264K, 0% used [0x00000000f5b00000,0x00000000f5b00000,0x00000000f6600000)
 ParOldGen       total 58880K, used 27377K [0x00000000c1e00000, 0x00000000c5780000, 0x00000000eb500000)
  object space 58880K, 46% used [0x00000000c1e00000,0x00000000c38bc4f0,0x00000000c5780000)
 Metaspace       used 44332K, capacity 44904K, committed 45056K, reserved 1089536K
  class space    used 5221K, capacity 5355K, committed 5376K, reserved 1048576K
}
Event: 3742.355 GC heap before
{Heap before GC invocations=15 (full 2):
 PSYoungGen      total 176640K, used 171658K [0x00000000eb500000, 0x00000000f7100000, 0x0000000100000000)
  eden space 169984K, 100% used [0x00000000eb500000,0x00000000f5b00000,0x00000000f5b00000)
  from space 6656K, 25% used [0x00000000f6a80000,0x00000000f6c22880,0x00000000f7100000)
  to   space 11264K, 0% used [0x00000000f5b00000,0x00000000f5b00000,0x00000000f6600000)
 ParOldGen       total 58880K, used 27377K [0x00000000c1e00000, 0x00000000c5780000, 0x00000000eb500000)
  object space 58880K, 46% used [0x00000000c1e00000,0x00000000c38bc4f0,0x00000000c5780000)
 Metaspace       used 45438K, capacity 45992K, committed 46208K, reserved 1089536K
  class space    used 5289K, capacity 5419K, committed 5504K, reserved 1048576K
Event: 3742.421 GC heap after
Heap after GC invocations=15 (full 2):
 PSYoungGen      total 164352K, used 1040K [0x00000000eb500000, 0x00000000f6b00000, 0x0000000100000000)
  eden space 162816K, 0% used [0x00000000eb500000,0x00000000eb500000,0x00000000f5400000)
  from space 1536K, 67% used [0x00000000f5b00000,0x00000000f5c041a0,0x00000000f5c80000)
  to   space 11776K, 0% used [0x00000000f5f80000,0x00000000f5f80000,0x00000000f6b00000)
 ParOldGen       total 58880K, used 27976K [0x00000000c1e00000, 0x00000000c5780000, 0x00000000eb500000)
  object space 58880K, 47% used [0x00000000c1e00000,0x00000000c3952180,0x00000000c5780000)
 Metaspace       used 45438K, capacity 45992K, committed 46208K, reserved 1089536K
  class space    used 5289K, capacity 5419K, committed 5504K, reserved 1048576K
}

Deoptimization events (10 events):
Event: 3752.878 Thread 0x0000000019f2d800 Uncommon trap: reason=unhandled action=none pc=0x0000000003ee3eb8 method=org.apache.tomcat.util.net.NioEndpoint$NioSocketWrapper.fillReadBuffer(ZLjava/nio/ByteBuffer;)I @ 131
Event: 3752.878 Thread 0x000000001bb16800 Uncommon trap: reason=unhandled action=none pc=0x0000000003ee3eb8 method=org.apache.tomcat.util.net.NioEndpoint$NioSocketWrapper.fillReadBuffer(ZLjava/nio/ByteBuffer;)I @ 131
Event: 3752.879 Thread 0x0000000019f2c000 Uncommon trap: reason=unhandled action=none pc=0x0000000003ee3eb8 method=org.apache.tomcat.util.net.NioEndpoint$NioSocketWrapper.fillReadBuffer(ZLjava/nio/ByteBuffer;)I @ 131
Event: 4943.032 Thread 0x0000000019f2c000 Uncommon trap: reason=unhandled action=none pc=0x0000000003ee3eb8 method=org.apache.tomcat.util.net.NioEndpoint$NioSocketWrapper.fillReadBuffer(ZLjava/nio/ByteBuffer;)I @ 131
Event: 4943.033 Thread 0x0000000019f2e000 Uncommon trap: reason=unhandled action=none pc=0x0000000003ee3eb8 method=org.apache.tomcat.util.net.NioEndpoint$NioSocketWrapper.fillReadBuffer(ZLjava/nio/ByteBuffer;)I @ 131
Event: 4943.033 Thread 0x0000000019f2e000 Uncommon trap: reason=unhandled action=none pc=0x0000000003ee3eb8 method=org.apache.tomcat.util.net.NioEndpoint$NioSocketWrapper.fillReadBuffer(ZLjava/nio/ByteBuffer;)I @ 131
Event: 4943.033 Thread 0x000000001c7a1800 Uncommon trap: reason=unhandled action=none pc=0x0000000003ee3eb8 method=org.apache.tomcat.util.net.NioEndpoint$NioSocketWrapper.fillReadBuffer(ZLjava/nio/ByteBuffer;)I @ 131
Event: 4943.033 Thread 0x0000000019f2f800 Uncommon trap: reason=unhandled action=none pc=0x0000000003ee3eb8 method=org.apache.tomcat.util.net.NioEndpoint$NioSocketWrapper.fillReadBuffer(ZLjava/nio/ByteBuffer;)I @ 131
Event: 4943.032 Thread 0x0000000019f31000 Uncommon trap: reason=unhandled action=none pc=0x0000000003ee3eb8 method=org.apache.tomcat.util.net.NioEndpoint$NioSocketWrapper.fillReadBuffer(ZLjava/nio/ByteBuffer;)I @ 131
Event: 5523.114 Thread 0x000000001bb16800 Uncommon trap: reason=unhandled action=none pc=0x0000000003ee3eb8 method=org.apache.tomcat.util.net.NioEndpoint$NioSocketWrapper.fillReadBuffer(ZLjava/nio/ByteBuffer;)I @ 131

Classes redefined (7 events):
Event: 1715.919 Thread 0x00000000154e7000 redefined class name=com.tourism.management.service.LineService, count=1
Event: 2586.312 Thread 0x00000000154e7000 redefined class name=com.tourism.management.service.LineService, count=2
Event: 2651.505 Thread 0x00000000154e7000 redefined class name=com.tourism.management.service.LineService, count=3
Event: 2982.188 Thread 0x00000000154e7000 redefined class name=com.tourism.management.service.LineService, count=4
Event: 3250.912 Thread 0x00000000154e7000 redefined class name=com.tourism.management.service.LineService, count=5
Event: 3665.572 Thread 0x00000000154e7000 redefined class name=com.tourism.management.service.LineService, count=6
Event: 5418.662 Thread 0x00000000154e7000 redefined class name=com.tourism.management.service.LineService, count=7

Internal exceptions (10 events):
Event: 2731.127 Thread 0x0000000019f2f800 Exception <a 'java/lang/ArrayIndexOutOfBoundsException': 22> (0x00000000eff3d480) thrown at [C:\re\workspace\8-2-build-windows-amd64-cygwin\jdk8u191\11896\hotspot\src\share\vm\interpreter\interpreterRuntime.cpp, line 366]
Event: 2731.143 Thread 0x0000000019f2f800 Exception <a 'java/lang/ClassNotFoundException': org/springframework/jdbc/support/SQLErrorCodesCustomizer> (0x00000000eff565e0) thrown at [C:\re\workspace\8-2-build-windows-amd64-cygwin\jdk8u191\11896\hotspot\src\share\vm\classfile\systemDictionary.cpp, l
Event: 2731.172 Thread 0x0000000019f2f800 Exception <a 'java/lang/ArrayIndexOutOfBoundsException': 80> (0x00000000eff5c230) thrown at [C:\re\workspace\8-2-build-windows-amd64-cygwin\jdk8u191\11896\hotspot\src\share\vm\interpreter\interpreterRuntime.cpp, line 366]
Event: 2731.177 Thread 0x0000000019f2f800 Implicit null exception at 0x0000000003c599c7 to 0x0000000003c59b9b
Event: 2731.314 Thread 0x0000000019f2f800 Exception <a 'java/lang/reflect/InvocationTargetException'> (0x00000000efffd140) thrown at [C:\re\workspace\8-2-build-windows-amd64-cygwin\jdk8u191\11896\hotspot\src\share\vm\runtime\reflection.cpp, line 1092]
Event: 2731.318 Thread 0x000000001e67e800 Exception <a 'java/lang/reflect/InvocationTargetException'> (0x00000000efccdad0) thrown at [C:\re\workspace\8-2-build-windows-amd64-cygwin\jdk8u191\11896\hotspot\src\share\vm\runtime\reflection.cpp, line 1092]
Event: 2731.942 Thread 0x0000000019f2f800 Exception <a 'java/io/IOException'> (0x00000000f0203340) thrown at [C:\re\workspace\8-2-build-windows-amd64-cygwin\jdk8u191\11896\hotspot\src\share\vm\prims\jni.cpp, line 709]
Event: 3003.286 Thread 0x000000001bb16800 Exception <a 'java/lang/reflect/InvocationTargetException'> (0x00000000f1ad2720) thrown at [C:\re\workspace\8-2-build-windows-amd64-cygwin\jdk8u191\11896\hotspot\src\share\vm\runtime\reflection.cpp, line 1092]
Event: 3752.179 Thread 0x0000000019f31000 Exception <a 'java/lang/ArrayIndexOutOfBoundsException': 73> (0x00000000ec36d9a8) thrown at [C:\re\workspace\8-2-build-windows-amd64-cygwin\jdk8u191\11896\hotspot\src\share\vm\interpreter\interpreterRuntime.cpp, line 366]
Event: 3752.183 Thread 0x0000000019f31000 Exception <a 'java/lang/ArrayIndexOutOfBoundsException': 91> (0x00000000ec37ea00) thrown at [C:\re\workspace\8-2-build-windows-amd64-cygwin\jdk8u191\11896\hotspot\src\share\vm\interpreter\interpreterRuntime.cpp, line 366]

Events (10 events):
Event: 5581.645 Executing VM operation: GetCurrentContendedMonitor done
Event: 5581.645 Executing VM operation: GetOwnedMonitorInfo
Event: 5581.646 Executing VM operation: GetOwnedMonitorInfo done
Event: 5581.646 Executing VM operation: GetCurrentContendedMonitor
Event: 5581.647 Executing VM operation: GetCurrentContendedMonitor done
Event: 5581.653 Executing VM operation: GetCurrentContendedMonitor
Event: 5581.653 Executing VM operation: GetCurrentContendedMonitor done
Event: 5581.653 Executing VM operation: GetOwnedMonitorInfo
Event: 5581.654 Executing VM operation: GetOwnedMonitorInfo done
Event: 5581.667 Executing VM operation: GetOrSetLocal


Dynamic libraries:
0x00007ff654550000 - 0x00007ff654587000 	C:\Program Files\Java\jdk1.8.0_191\bin\javaw.exe
0x00007ff913060000 - 0x00007ff913241000 	C:\WINDOWS\SYSTEM32\ntdll.dll
0x00007ff911930000 - 0x00007ff9119e1000 	C:\WINDOWS\System32\KERNEL32.DLL
0x00007ff90fda0000 - 0x00007ff910013000 	C:\WINDOWS\System32\KERNELBASE.dll
0x00007ff910e60000 - 0x00007ff910f01000 	C:\WINDOWS\System32\ADVAPI32.dll
0x00007ff9110f0000 - 0x00007ff91118e000 	C:\WINDOWS\System32\msvcrt.dll
0x00007ff911190000 - 0x00007ff9111eb000 	C:\WINDOWS\System32\sechost.dll
0x00007ff912e90000 - 0x00007ff912fb4000 	C:\WINDOWS\System32\RPCRT4.dll
0x00007ff910c30000 - 0x00007ff910dc0000 	C:\WINDOWS\System32\USER32.dll
0x00007ff90f430000 - 0x00007ff90f450000 	C:\WINDOWS\System32\win32u.dll
0x00007ff9118f0000 - 0x00007ff911918000 	C:\WINDOWS\System32\GDI32.dll
0x00007ff9101b0000 - 0x00007ff910342000 	C:\WINDOWS\System32\gdi32full.dll
0x00007ff910350000 - 0x00007ff9103ef000 	C:\WINDOWS\System32\msvcp_win.dll
0x00007ff9103f0000 - 0x00007ff9104e8000 	C:\WINDOWS\System32\ucrtbase.dll
0x00007ff902f10000 - 0x00007ff903179000 	C:\WINDOWS\WinSxS\amd64_microsoft.windows.common-controls_6595b64144ccf1df_6.0.17134.706_none_fb43a2cb30647007\COMCTL32.dll
0x00007ff911370000 - 0x00007ff911692000 	C:\WINDOWS\System32\combase.dll
0x00007ff910130000 - 0x00007ff9101aa000 	C:\WINDOWS\System32\bcryptPrimitives.dll
0x00007ff912e40000 - 0x00007ff912e6d000 	C:\WINDOWS\System32\IMM32.DLL
0x000000006fcc0000 - 0x000000006fd92000 	C:\Program Files\Java\jdk1.8.0_191\jre\bin\msvcr100.dll
0x000000006ff50000 - 0x00000000707f4000 	C:\Program Files\Java\jdk1.8.0_191\jre\bin\server\jvm.dll
0x00007ff910940000 - 0x00007ff910948000 	C:\WINDOWS\System32\PSAPI.DLL
0x00007ff90d690000 - 0x00007ff90d6b3000 	C:\WINDOWS\SYSTEM32\WINMM.dll
0x00007ff90c630000 - 0x00007ff90c639000 	C:\WINDOWS\SYSTEM32\WSOCK32.dll
0x00007ff9098f0000 - 0x00007ff9098fa000 	C:\WINDOWS\SYSTEM32\VERSION.dll
0x00007ff912fc0000 - 0x00007ff91302c000 	C:\WINDOWS\System32\WS2_32.dll
0x00007ff90d520000 - 0x00007ff90d54a000 	C:\WINDOWS\SYSTEM32\WINMMBASE.dll
0x00007ff90fb60000 - 0x00007ff90fba9000 	C:\WINDOWS\System32\cfgmgr32.dll
0x000000006fe60000 - 0x000000006fe6f000 	C:\Program Files\Java\jdk1.8.0_191\jre\bin\verify.dll
0x000000006fe30000 - 0x000000006fe59000 	C:\Program Files\Java\jdk1.8.0_191\jre\bin\java.dll
0x000000006fc80000 - 0x000000006fcb5000 	C:\Program Files\Java\jdk1.8.0_191\jre\bin\jdwp.dll
0x000000006fc70000 - 0x000000006fc78000 	C:\Program Files\Java\jdk1.8.0_191\jre\bin\npt.dll
0x000000006fe10000 - 0x000000006fe26000 	C:\Program Files\Java\jdk1.8.0_191\jre\bin\zip.dll
0x00007ff911a00000 - 0x00007ff912e40000 	C:\WINDOWS\System32\SHELL32.dll
0x00007ff910f70000 - 0x00007ff911019000 	C:\WINDOWS\System32\shcore.dll
0x00007ff90f450000 - 0x00007ff90fb5d000 	C:\WINDOWS\System32\windows.storage.dll
0x00007ff910f10000 - 0x00007ff910f61000 	C:\WINDOWS\System32\shlwapi.dll
0x00007ff90f3f0000 - 0x00007ff90f401000 	C:\WINDOWS\System32\kernel.appcore.dll
0x00007ff90f3c0000 - 0x00007ff90f3df000 	C:\WINDOWS\System32\profapi.dll
0x00007ff90f370000 - 0x00007ff90f3bc000 	C:\WINDOWS\System32\powrprof.dll
0x00007ff90f3e0000 - 0x00007ff90f3ea000 	C:\WINDOWS\System32\FLTLIB.DLL
0x000000006fc60000 - 0x000000006fc69000 	C:\Program Files\Java\jdk1.8.0_191\jre\bin\dt_socket.dll
0x00007ff8ff590000 - 0x00007ff8ff5a6000 	C:\WINDOWS\system32\napinsp.dll
0x00007ff8ff4d0000 - 0x00007ff8ff4ea000 	C:\WINDOWS\system32\pnrpnsp.dll
0x00007ff90bce0000 - 0x00007ff90bcf9000 	C:\WINDOWS\system32\NLAapi.dll
0x00007ff90eb90000 - 0x00007ff90ebf6000 	C:\WINDOWS\System32\mswsock.dll
0x00007ff90e950000 - 0x00007ff90ea0e000 	C:\WINDOWS\SYSTEM32\DNSAPI.dll
0x00007ff9119f0000 - 0x00007ff9119f8000 	C:\WINDOWS\System32\NSI.dll
0x00007ff90e910000 - 0x00007ff90e948000 	C:\WINDOWS\SYSTEM32\IPHLPAPI.DLL
0x00007ff8ff470000 - 0x00007ff8ff47e000 	C:\WINDOWS\System32\winrnr.dll
0x00007ff901230000 - 0x00007ff901245000 	C:\WINDOWS\System32\wshbth.dll
0x00007ff904530000 - 0x00007ff9045a2000 	C:\WINDOWS\System32\fwpuclnt.dll
0x00007ff90eed0000 - 0x00007ff90eef5000 	C:\WINDOWS\SYSTEM32\bcrypt.dll
0x00007ff901d30000 - 0x00007ff901d3a000 	C:\Windows\System32\rasadhlp.dll
0x000000006fc50000 - 0x000000006fc5d000 	C:\Program Files\Java\jdk1.8.0_191\jre\bin\management.dll
0x000000006fdf0000 - 0x000000006fe0a000 	C:\Program Files\Java\jdk1.8.0_191\jre\bin\net.dll
0x000000006fdd0000 - 0x000000006fde1000 	C:\Program Files\Java\jdk1.8.0_191\jre\bin\nio.dll
0x00007ff90ed40000 - 0x00007ff90ed57000 	C:\WINDOWS\SYSTEM32\CRYPTSP.dll
0x00007ff90e770000 - 0x00007ff90e7a3000 	C:\WINDOWS\system32\rsaenh.dll
0x00007ff90f2a0000 - 0x00007ff90f2c8000 	C:\WINDOWS\SYSTEM32\USERENV.dll
0x00007ff90ed60000 - 0x00007ff90ed6b000 	C:\WINDOWS\SYSTEM32\CRYPTBASE.dll
0x00007ff905f00000 - 0x00007ff905f16000 	C:\WINDOWS\SYSTEM32\dhcpcsvc6.DLL
0x00007ff908310000 - 0x00007ff90832a000 	C:\WINDOWS\SYSTEM32\dhcpcsvc.DLL
0x000000006f7d0000 - 0x000000006f969000 	C:\Program Files\Java\jdk1.8.0_191\jre\bin\awt.dll
0x00007ff911020000 - 0x00007ff9110e2000 	C:\WINDOWS\System32\OLEAUT32.dll
0x00007ff90d6f0000 - 0x00007ff90d77b000 	C:\WINDOWS\SYSTEM32\apphelp.dll
0x000000006f790000 - 0x000000006f7c1000 	C:\Program Files\Java\jdk1.8.0_191\jre\bin\jpeg.dll
0x00007ff900000000 - 0x00007ff9001c9000 	C:\WINDOWS\SYSTEM32\dbghelp.dll

VM Arguments:
jvm_args: -agentlib:jdwp=transport=dt_socket,suspend=y,address=localhost:60365 -Dfile.encoding=UTF-8 
java_command: com.tourism.management.Main
java_class_path (initial): D:\work\workspace\eclipse\tourism-management-springboot\target\classes;D:\software\mavenRepositry\org\springframework\spring-jdbc\4.3.7.RELEASE\spring-jdbc-4.3.7.RELEASE.jar;D:\software\mavenRepositry\org\springframework\spring-beans\4.3.7.RELEASE\spring-beans-4.3.7.RELEASE.jar;D:\software\mavenRepositry\org\springframework\spring-core\4.3.7.RELEASE\spring-core-4.3.7.RELEASE.jar;D:\software\mavenRepositry\org\springframework\spring-tx\4.3.7.RELEASE\spring-tx-4.3.7.RELEASE.jar;D:\software\mavenRepositry\org\springframework\spring-aspects\4.3.7.RELEASE\spring-aspects-4.3.7.RELEASE.jar;D:\software\mavenRepositry\org\aspectj\aspectjweaver\1.8.9\aspectjweaver-1.8.9.jar;D:\software\mavenRepositry\org\springframework\boot\spring-boot-starter-web\1.5.2.RELEASE\spring-boot-starter-web-1.5.2.RELEASE.jar;D:\software\mavenRepositry\org\springframework\boot\spring-boot-starter\1.5.2.RELEASE\spring-boot-starter-1.5.2.RELEASE.jar;D:\software\mavenRepositry\org\springframework\boot\spring-boot\1.5.2.RELEASE\spring-boot-1.5.2.RELEASE.jar;D:\software\mavenRepositry\org\springframework\boot\spring-boot-autoconfigure\1.5.2.RELEASE\spring-boot-autoconfigure-1.5.2.RELEASE.jar;D:\software\mavenRepositry\org\springframework\boot\spring-boot-starter-logging\1.5.2.RELEASE\spring-boot-starter-logging-1.5.2.RELEASE.jar;D:\software\mavenRepositry\ch\qos\logback\logback-classic\1.1.11\logback-classic-1.1.11.jar;D:\software\mavenRepositry\ch\qos\logback\logback-core\1.1.11\logback-core-1.1.11.jar;D:\software\mavenRepositry\org\slf4j\jcl-over-slf4j\1.7.24\jcl-over-slf4j-1.7.24.jar;D:\software\mavenRepositry\org\slf4j\jul-to-slf4j\1.7.24\jul-to-slf4j-1.7.24.jar;D:\software\mavenRepositry\org\slf4j\log4j-over-slf4j\1.7.24\log4j-over-slf4j-1.7.24.jar;D:\software\mavenRepositry\org\yaml\snakeyaml\1.17\snakeyaml-1.17.jar;D:\software\mavenRepositry\org\hibernate\hibernate-validator\5.3.4.Final\hibernate-validator-5.3.4.Final.jar;D:\software\mavenRepositry\javax\validation\va
Launcher Type: SUN_STANDARD

Environment Variables:
JAVA_HOME=C:\Program Files\Java\jdk1.8.0_191\
CLASSPATH= .;C:\Program Files\Java\jdk1.8.0_191\\lib;C:\Program Files\Java\jdk1.8.0_191\\lib\tools.jar
PATH=C:\Program Files\Java\jdk1.8.0_191\jre\bin;C:/Program Files/Java/jdk1.8.0_191//bin/../jre/bin/server;C:/Program Files/Java/jdk1.8.0_191//bin/../jre/bin;C:/Program Files/Java/jdk1.8.0_191//bin/../jre/lib/amd64;C:\Program Files\Java\jdk1.8.0_191\\bin;C:\Program Files\Java\jdk1.8.0_191\\jre\bin;C:\Program Files\MySQL\MySQL Enterprise Backup 3.10.1\;C:\Program Files (x86)\MySQL\MySQL Utilities 1.3.6\;C:\WINDOWS\system32;C:\WINDOWS;C:\WINDOWS\System32\Wbem;C:\WINDOWS\System32\WindowsPowerShell\v1.0\;C:\WINDOWS\System32\OpenSSH\;C:\Program Files\Java\apache-maven-3.5.4\bin;"C:\Users\PC\AppData\Local\Microsoft\WindowsApps;C:\Program Files\Java\apache-maven-3.5.4\bin";;G:\Soft2018\ec\eclipse\eclipse;
USERNAME=PC
OS=Windows_NT
PROCESSOR_IDENTIFIER=Intel64 Family 6 Model 60 Stepping 3, GenuineIntel



---------------  S Y S T E M  ---------------

OS: Windows 10.0 , 64 bit Build 17134 (10.0.17134.706)

CPU:total 4 (initial active 4) (2 cores per cpu, 2 threads per core) family 6 model 60 stepping 3, cmov, cx8, fxsr, mmx, sse, sse2, sse3, ssse3, sse4.1, sse4.2, popcnt, avx, avx2, aes, clmul, erms, lzcnt, ht, tsc, tscinvbit, bmi1, bmi2

Memory: 4k page, physical 4070688k(690608k free), swap 9313568k(2130828k free)

vm_info: Java HotSpot(TM) 64-Bit Server VM (25.191-b12) for windows-amd64 JRE (1.8.0_191-b12), built on Oct  6 2018 09:29:03 by "java_re" with MS VC++ 10.0 (VS2010)

time: Thu Apr 25 00:09:50 2019
elapsed time: 5582 seconds (0d 1h 33m 2s)

